<?xml version="1.0" encoding="UTF-8"?>
<testng-results skipped="0" failed="2" ignored="0" total="6" passed="4">
  <reporter-output>
  </reporter-output>
  <suite name="Command line suite" duration-ms="50871" started-at="2019-08-10T08:59:34Z" finished-at="2019-08-10T09:00:25Z">
    <groups>
    </groups>
    <test name="Command line test" duration-ms="50871" started-at="2019-08-10T08:59:34Z" finished-at="2019-08-10T09:00:25Z">
      <class name="eply.com.tests.LoginTest">
        <test-method status="PASS" signature="setup()[pri:0, instance:eply.com.tests.LoginTest@62043840]" name="setup" is-config="true" duration-ms="3501" started-at="2019-08-10T08:59:55Z" finished-at="2019-08-10T08:59:58Z">
          <reporter-output>
          </reporter-output>
        </test-method> <!-- setup -->
        <test-method status="FAIL" signature="loginFailed(java.lang.String, java.lang.String)[pri:0, instance:eply.com.tests.LoginTest@62043840]" name="loginFailed" duration-ms="0" started-at="2019-08-10T08:59:58Z" description="use incorrect login information" data-provider="getDataFromExcel" finished-at="2019-08-10T08:59:58Z">
          <exception class="org.testng.TestNGException">
            <message>
              <![CDATA[
Method public void eply.com.tests.LoginTest.loginFailed(java.lang.String,java.lang.String) throws java.lang.InterruptedException requires a @DataProvider named : getDataFromExcel]]>
            </message>
            <full-stacktrace>
              <![CDATA[org.testng.TestNGException: 
Method public void eply.com.tests.LoginTest.loginFailed(java.lang.String,java.lang.String) throws java.lang.InterruptedException requires a @DataProvider named : getDataFromExcel
at org.testng.internal.Parameters.findDataProvider(Parameters.java:513)
at org.testng.internal.Parameters.handleParameters(Parameters.java:691)
at org.testng.internal.ParameterHandler.handleParameters(ParameterHandler.java:49)
at org.testng.internal.ParameterHandler.createParameters(ParameterHandler.java:37)
at org.testng.internal.Invoker.invokeTestMethods(Invoker.java:924)
at org.testng.internal.TestMethodWorker.invokeTestMethods(TestMethodWorker.java:125)
at org.testng.internal.TestMethodWorker.run(TestMethodWorker.java:109)
at org.testng.TestRunner.privateRun(TestRunner.java:648)
at org.testng.TestRunner.run(TestRunner.java:505)
at org.testng.SuiteRunner.runTest(SuiteRunner.java:455)
at org.testng.SuiteRunner.runSequentially(SuiteRunner.java:450)
at org.testng.SuiteRunner.privateRun(SuiteRunner.java:415)
at org.testng.SuiteRunner.run(SuiteRunner.java:364)
at org.testng.SuiteRunnerWorker.runSuite(SuiteRunnerWorker.java:52)
at org.testng.SuiteRunnerWorker.run(SuiteRunnerWorker.java:84)
at org.testng.TestNG.runSuitesSequentially(TestNG.java:1208)
at org.testng.TestNG.runSuitesLocally(TestNG.java:1137)
at org.testng.TestNG.runSuites(TestNG.java:1049)
at org.testng.TestNG.run(TestNG.java:1017)
at org.apache.maven.surefire.testng.TestNGExecutor.run(TestNGExecutor.java:77)
at org.apache.maven.surefire.testng.TestNGDirectoryTestSuite.executeMulti(TestNGDirectoryTestSuite.java:159)
at org.apache.maven.surefire.testng.TestNGDirectoryTestSuite.execute(TestNGDirectoryTestSuite.java:99)
at org.apache.maven.surefire.testng.TestNGProvider.invoke(TestNGProvider.java:106)
at sun.reflect.NativeMethodAccessorImpl.invoke0(Native Method)
at sun.reflect.NativeMethodAccessorImpl.invoke(NativeMethodAccessorImpl.java:62)
at sun.reflect.DelegatingMethodAccessorImpl.invoke(DelegatingMethodAccessorImpl.java:43)
at java.lang.reflect.Method.invoke(Method.java:498)
at org.apache.maven.surefire.util.ReflectionUtils.invokeMethodWithArray(ReflectionUtils.java:189)
at org.apache.maven.surefire.booter.ProviderFactory$ProviderProxy.invoke(ProviderFactory.java:165)
at org.apache.maven.surefire.booter.ProviderFactory.invokeProvider(ProviderFactory.java:85)
at org.apache.maven.surefire.booter.ForkedBooter.runSuitesInProcess(ForkedBooter.java:115)
at org.apache.maven.surefire.booter.ForkedBooter.main(ForkedBooter.java:75)
]]>
            </full-stacktrace>
          </exception> <!-- org.testng.TestNGException -->
          <reporter-output>
          </reporter-output>
        </test-method> <!-- loginFailed -->
        <test-method status="PASS" signature="tearDrown()[pri:0, instance:eply.com.tests.LoginTest@62043840]" name="tearDrown" is-config="true" duration-ms="631" started-at="2019-08-10T08:59:58Z" finished-at="2019-08-10T08:59:59Z">
          <reporter-output>
          </reporter-output>
        </test-method> <!-- tearDrown -->
      </class> <!-- eply.com.tests.LoginTest -->
      <class name="eply.com.tests.TasksTest">
        <test-method status="PASS" signature="setup()[pri:0, instance:eply.com.tests.TasksTest@2ef9b8bc]" name="setup" is-config="true" duration-ms="3649" started-at="2019-08-10T08:59:59Z" finished-at="2019-08-10T09:00:03Z">
          <reporter-output>
          </reporter-output>
        </test-method> <!-- setup -->
        <test-method status="PASS" signature="taskPage()[pri:0, instance:eply.com.tests.TasksTest@2ef9b8bc]" name="taskPage" duration-ms="1327" started-at="2019-08-10T09:00:03Z" finished-at="2019-08-10T09:00:04Z">
          <reporter-output>
          </reporter-output>
        </test-method> <!-- taskPage -->
        <test-method status="PASS" signature="tearDrown()[pri:0, instance:eply.com.tests.TasksTest@2ef9b8bc]" name="tearDrown" is-config="true" duration-ms="618" started-at="2019-08-10T09:00:04Z" finished-at="2019-08-10T09:00:05Z">
          <reporter-output>
          </reporter-output>
        </test-method> <!-- tearDrown -->
      </class> <!-- eply.com.tests.TasksTest -->
      <class name="eply.com.tests.SearchTest">
        <test-method status="PASS" signature="setup()[pri:0, instance:eply.com.tests.SearchTest@5315b42e]" name="setup" is-config="true" duration-ms="3549" started-at="2019-08-10T09:00:05Z" finished-at="2019-08-10T09:00:08Z">
          <reporter-output>
          </reporter-output>
        </test-method> <!-- setup -->
        <test-method status="PASS" signature="login()[pri:1, instance:eply.com.tests.SearchTest@5315b42e]" name="login" duration-ms="6488" started-at="2019-08-10T09:00:08Z" finished-at="2019-08-10T09:00:15Z">
          <reporter-output>
          </reporter-output>
        </test-method> <!-- login -->
        <test-method status="FAIL" signature="searh()[pri:2, instance:eply.com.tests.SearchTest@5315b42e]" name="searh" duration-ms="10114" started-at="2019-08-10T09:00:15Z" finished-at="2019-08-10T09:00:25Z">
          <exception class="org.openqa.selenium.NoSuchElementException">
            <message>
              <![CDATA[no such element: Unable to locate element: {"method":"css selector","selector":"#ePlyHeader_SearchLink"}
  (Session info: chrome=76.0.3809.100)
For documentation on this error, please visit: https://www.seleniumhq.org/exceptions/no_such_element.html
Build info: version: '3.141.59', revision: 'e82be7d358', time: '2018-11-14T08:17:03'
System info: host: 'AMS-PC', ip: '192.168.1.13', os.name: 'Windows 10', os.arch: 'amd64', os.version: '10.0', java.version: '1.8.0_221'
Driver info: org.openqa.selenium.chrome.ChromeDriver
Capabilities {acceptInsecureCerts: false, browserName: chrome, browserVersion: 76.0.3809.100, chrome: {chromedriverVersion: 75.0.3770.140 (2d9f97485c7b..., userDataDir: C:\Users\AMS\AppData\Local\...}, goog:chromeOptions: {debuggerAddress: localhost:50994}, javascriptEnabled: true, networkConnectionEnabled: false, pageLoadStrategy: normal, platform: XP, platformName: XP, proxy: Proxy(), setWindowRect: true, strictFileInteractability: false, timeouts: {implicit: 0, pageLoad: 300000, script: 30000}, unhandledPromptBehavior: dismiss and notify}
Session ID: 853f689a217c8200d6e4f099bcf478ef
*** Element info: {Using=css selector, value=#ePlyHeader_SearchLink}]]>
            </message>
            <full-stacktrace>
              <![CDATA[org.openqa.selenium.NoSuchElementException: no such element: Unable to locate element: {"method":"css selector","selector":"#ePlyHeader_SearchLink"}
  (Session info: chrome=76.0.3809.100)
For documentation on this error, please visit: https://www.seleniumhq.org/exceptions/no_such_element.html
Build info: version: '3.141.59', revision: 'e82be7d358', time: '2018-11-14T08:17:03'
System info: host: 'AMS-PC', ip: '192.168.1.13', os.name: 'Windows 10', os.arch: 'amd64', os.version: '10.0', java.version: '1.8.0_221'
Driver info: org.openqa.selenium.chrome.ChromeDriver
Capabilities {acceptInsecureCerts: false, browserName: chrome, browserVersion: 76.0.3809.100, chrome: {chromedriverVersion: 75.0.3770.140 (2d9f97485c7b..., userDataDir: C:\Users\AMS\AppData\Local\...}, goog:chromeOptions: {debuggerAddress: localhost:50994}, javascriptEnabled: true, networkConnectionEnabled: false, pageLoadStrategy: normal, platform: XP, platformName: XP, proxy: Proxy(), setWindowRect: true, strictFileInteractability: false, timeouts: {implicit: 0, pageLoad: 300000, script: 30000}, unhandledPromptBehavior: dismiss and notify}
Session ID: 853f689a217c8200d6e4f099bcf478ef
*** Element info: {Using=css selector, value=#ePlyHeader_SearchLink}
at sun.reflect.NativeConstructorAccessorImpl.newInstance0(Native Method)
at sun.reflect.NativeConstructorAccessorImpl.newInstance(NativeConstructorAccessorImpl.java:62)
at sun.reflect.DelegatingConstructorAccessorImpl.newInstance(DelegatingConstructorAccessorImpl.java:45)
at java.lang.reflect.Constructor.newInstance(Constructor.java:423)
at org.openqa.selenium.remote.http.W3CHttpResponseCodec.createException(W3CHttpResponseCodec.java:187)
at org.openqa.selenium.remote.http.W3CHttpResponseCodec.decode(W3CHttpResponseCodec.java:122)
at org.openqa.selenium.remote.http.W3CHttpResponseCodec.decode(W3CHttpResponseCodec.java:49)
at org.openqa.selenium.remote.HttpCommandExecutor.execute(HttpCommandExecutor.java:158)
at org.openqa.selenium.remote.service.DriverCommandExecutor.execute(DriverCommandExecutor.java:83)
at org.openqa.selenium.remote.RemoteWebDriver.execute(RemoteWebDriver.java:552)
at org.openqa.selenium.remote.RemoteWebDriver.findElement(RemoteWebDriver.java:323)
at org.openqa.selenium.remote.RemoteWebDriver.findElementByCssSelector(RemoteWebDriver.java:420)
at org.openqa.selenium.By$ByCssSelector.findElement(By.java:431)
at org.openqa.selenium.remote.RemoteWebDriver.findElement(RemoteWebDriver.java:315)
at org.openqa.selenium.support.pagefactory.DefaultElementLocator.findElement(DefaultElementLocator.java:69)
at org.openqa.selenium.support.pagefactory.internal.LocatingElementHandler.invoke(LocatingElementHandler.java:38)
at com.sun.proxy.$Proxy5.click(Unknown Source)
at com.page1.pageobjects.BasePage.click(BasePage.java:16)
at com.page1.pageobjects.MyFormsPage.openSearchAll(MyFormsPage.java:19)
at eply.com.tests.SearchTest.searh(SearchTest.java:29)
at sun.reflect.NativeMethodAccessorImpl.invoke0(Native Method)
at sun.reflect.NativeMethodAccessorImpl.invoke(NativeMethodAccessorImpl.java:62)
at sun.reflect.DelegatingMethodAccessorImpl.invoke(DelegatingMethodAccessorImpl.java:43)
at java.lang.reflect.Method.invoke(Method.java:498)
at org.testng.internal.MethodInvocationHelper.invokeMethod(MethodInvocationHelper.java:124)
at org.testng.internal.Invoker.invokeMethod(Invoker.java:583)
at org.testng.internal.Invoker.invokeTestMethod(Invoker.java:719)
at org.testng.internal.Invoker.invokeTestMethods(Invoker.java:989)
at org.testng.internal.TestMethodWorker.invokeTestMethods(TestMethodWorker.java:125)
at org.testng.internal.TestMethodWorker.run(TestMethodWorker.java:109)
at org.testng.TestRunner.privateRun(TestRunner.java:648)
at org.testng.TestRunner.run(TestRunner.java:505)
at org.testng.SuiteRunner.runTest(SuiteRunner.java:455)
at org.testng.SuiteRunner.runSequentially(SuiteRunner.java:450)
at org.testng.SuiteRunner.privateRun(SuiteRunner.java:415)
at org.testng.SuiteRunner.run(SuiteRunner.java:364)
at org.testng.SuiteRunnerWorker.runSuite(SuiteRunnerWorker.java:52)
at org.testng.SuiteRunnerWorker.run(SuiteRunnerWorker.java:84)
at org.testng.TestNG.runSuitesSequentially(TestNG.java:1208)
at org.testng.TestNG.runSuitesLocally(TestNG.java:1137)
at org.testng.TestNG.runSuites(TestNG.java:1049)
at org.testng.TestNG.run(TestNG.java:1017)
at org.apache.maven.surefire.testng.TestNGExecutor.run(TestNGExecutor.java:77)
at org.apache.maven.surefire.testng.TestNGDirectoryTestSuite.executeMulti(TestNGDirectoryTestSuite.java:159)
at org.apache.maven.surefire.testng.TestNGDirectoryTestSuite.execute(TestNGDirectoryTestSuite.java:99)
at org.apache.maven.surefire.testng.TestNGProvider.invoke(TestNGProvider.java:106)
at sun.reflect.NativeMethodAccessorImpl.invoke0(Native Method)
at sun.reflect.NativeMethodAccessorImpl.invoke(NativeMethodAccessorImpl.java:62)
at sun.reflect.DelegatingMethodAccessorImpl.invoke(DelegatingMethodAccessorImpl.java:43)
at java.lang.reflect.Method.invoke(Method.java:498)
at org.apache.maven.surefire.util.ReflectionUtils.invokeMethodWithArray(ReflectionUtils.java:189)
at org.apache.maven.surefire.booter.ProviderFactory$ProviderProxy.invoke(ProviderFactory.java:165)
at org.apache.maven.surefire.booter.ProviderFactory.invokeProvider(ProviderFactory.java:85)
at org.apache.maven.surefire.booter.ForkedBooter.runSuitesInProcess(ForkedBooter.java:115)
at org.apache.maven.surefire.booter.ForkedBooter.main(ForkedBooter.java:75)
]]>
            </full-stacktrace>
          </exception> <!-- org.openqa.selenium.NoSuchElementException -->
          <reporter-output>
          </reporter-output>
        </test-method> <!-- searh -->
        <test-method status="PASS" signature="tearDrown()[pri:0, instance:eply.com.tests.SearchTest@5315b42e]" name="tearDrown" is-config="true" duration-ms="609" started-at="2019-08-10T09:00:25Z" finished-at="2019-08-10T09:00:25Z">
          <reporter-output>
          </reporter-output>
        </test-method> <!-- tearDrown -->
      </class> <!-- eply.com.tests.SearchTest -->
      <class name="eply.com.tests.AddNewTaskTest">
        <test-method status="PASS" signature="setup()[pri:0, instance:eply.com.tests.AddNewTaskTest@2c6a3f77]" name="setup" is-config="true" duration-ms="7005" started-at="2019-08-10T08:59:34Z" finished-at="2019-08-10T08:59:41Z">
          <reporter-output>
          </reporter-output>
        </test-method> <!-- setup -->
        <test-method status="PASS" signature="taskPage1()[pri:0, instance:eply.com.tests.AddNewTaskTest@2c6a3f77]" name="taskPage1" duration-ms="5320" started-at="2019-08-10T08:59:41Z" finished-at="2019-08-10T08:59:47Z">
          <reporter-output>
          </reporter-output>
        </test-method> <!-- taskPage1 -->
        <test-method status="PASS" signature="tearDrown()[pri:0, instance:eply.com.tests.AddNewTaskTest@2c6a3f77]" name="tearDrown" is-config="true" duration-ms="620" started-at="2019-08-10T08:59:47Z" finished-at="2019-08-10T08:59:47Z">
          <reporter-output>
          </reporter-output>
        </test-method> <!-- tearDrown -->
      </class> <!-- eply.com.tests.AddNewTaskTest -->
      <class name="eply.com.tests.ForgotPasswordTest">
        <test-method status="PASS" signature="setup()[pri:0, instance:eply.com.tests.ForgotPasswordTest@246ae04d]" name="setup" is-config="true" duration-ms="3756" started-at="2019-08-10T08:59:47Z" finished-at="2019-08-10T08:59:51Z">
          <reporter-output>
          </reporter-output>
        </test-method> <!-- setup -->
        <test-method status="PASS" signature="forgotPasswordTest()[pri:0, instance:eply.com.tests.ForgotPasswordTest@246ae04d]" name="forgotPasswordTest" duration-ms="3034" started-at="2019-08-10T08:59:51Z" finished-at="2019-08-10T08:59:54Z">
          <reporter-output>
          </reporter-output>
        </test-method> <!-- forgotPasswordTest -->
        <test-method status="PASS" signature="tearDrown()[pri:0, instance:eply.com.tests.ForgotPasswordTest@246ae04d]" name="tearDrown" is-config="true" duration-ms="621" started-at="2019-08-10T08:59:54Z" finished-at="2019-08-10T08:59:55Z">
          <reporter-output>
          </reporter-output>
        </test-method> <!-- tearDrown -->
      </class> <!-- eply.com.tests.ForgotPasswordTest -->
    </test> <!-- Command line test -->
  </suite> <!-- Command line suite -->
</testng-results>
