<?xml version="1.0" encoding="UTF-8"?>
<!-- Generated by org.testng.reporters.JUnitXMLReporter -->
<testsuite hostname="AMS-PC" ignored="0" name="Command line test" tests="6" failures="2" timestamp="10 אוג 2019 09:00:25 GMT" time="50.871" errors="0">
  <testcase name="taskPage1" time="5.32" classname="eply.com.tests.AddNewTaskTest"/>
  <testcase name="forgotPasswordTest" time="3.034" classname="eply.com.tests.ForgotPasswordTest"/>
  <testcase name="loginFailed" time="0.0" classname="eply.com.tests.LoginTest">
    <failure type="org.testng.TestNGException" message="
Method public void eply.com.tests.LoginTest.loginFailed(java.lang.String,java.lang.String) throws java.lang.InterruptedException requires a @DataProvider named : getDataFromExcel">
      <![CDATA[org.testng.TestNGException: 
Method public void eply.com.tests.LoginTest.loginFailed(java.lang.String,java.lang.String) throws java.lang.InterruptedException requires a @DataProvider named : getDataFromExcel
... Removed 32 stack frames]]>
    </failure>
  </testcase> <!-- loginFailed -->
  <testcase name="taskPage" time="1.327" classname="eply.com.tests.TasksTest"/>
  <testcase name="login" time="6.488" classname="eply.com.tests.SearchTest"/>
  <testcase name="searh" time="10.114" classname="eply.com.tests.SearchTest">
    <failure type="org.openqa.selenium.NoSuchElementException" message="no such element: Unable to locate element: {&amp;quot;method&amp;quot;:&amp;quot;css selector&amp;quot;,&amp;quot;selector&amp;quot;:&amp;quot;#ePlyHeader_SearchLink&amp;quot;}
  (Session info: chrome=76.0.3809.100)
For documentation on this error, please visit: https://www.seleniumhq.org/exceptions/no_such_element.html
Build info: version: &amp;apos;3.141.59&amp;apos;, revision: &amp;apos;e82be7d358&amp;apos;, time: &amp;apos;2018-11-14T08:17:03&amp;apos;
System info: host: &amp;apos;AMS-PC&amp;apos;, ip: &amp;apos;192.168.1.13&amp;apos;, os.name: &amp;apos;Windows 10&amp;apos;, os.arch: &amp;apos;amd64&amp;apos;, os.version: &amp;apos;10.0&amp;apos;, java.version: &amp;apos;1.8.0_221&amp;apos;
Driver info: org.openqa.selenium.chrome.ChromeDriver
Capabilities {acceptInsecureCerts: false, browserName: chrome, browserVersion: 76.0.3809.100, chrome: {chromedriverVersion: 75.0.3770.140 (2d9f97485c7b..., userDataDir: C:\Users\AMS\AppData\Local\...}, goog:chromeOptions: {debuggerAddress: localhost:50994}, javascriptEnabled: true, networkConnectionEnabled: false, pageLoadStrategy: normal, platform: XP, platformName: XP, proxy: Proxy(), setWindowRect: true, strictFileInteractability: false, timeouts: {implicit: 0, pageLoad: 300000, script: 30000}, unhandledPromptBehavior: dismiss and notify}
Session ID: 853f689a217c8200d6e4f099bcf478ef
*** Element info: {Using=css selector, value=#ePlyHeader_SearchLink}">
      <![CDATA[org.openqa.selenium.NoSuchElementException: no such element: Unable to locate element: {"method":"css selector","selector":"#ePlyHeader_SearchLink"}
  (Session info: chrome=76.0.3809.100)
For documentation on this error, please visit: https://www.seleniumhq.org/exceptions/no_such_element.html
Build info: version: '3.141.59', revision: 'e82be7d358', time: '2018-11-14T08:17:03'
System info: host: 'AMS-PC', ip: '192.168.1.13', os.name: 'Windows 10', os.arch: 'amd64', os.version: '10.0', java.version: '1.8.0_221'
Driver info: org.openqa.selenium.chrome.ChromeDriver
Capabilities {acceptInsecureCerts: false, browserName: chrome, browserVersion: 76.0.3809.100, chrome: {chromedriverVersion: 75.0.3770.140 (2d9f97485c7b..., userDataDir: C:\Users\AMS\AppData\Local\...}, goog:chromeOptions: {debuggerAddress: localhost:50994}, javascriptEnabled: true, networkConnectionEnabled: false, pageLoadStrategy: normal, platform: XP, platformName: XP, proxy: Proxy(), setWindowRect: true, strictFileInteractability: false, timeouts: {implicit: 0, pageLoad: 300000, script: 30000}, unhandledPromptBehavior: dismiss and notify}
Session ID: 853f689a217c8200d6e4f099bcf478ef
*** Element info: {Using=css selector, value=#ePlyHeader_SearchLink}
at org.openqa.selenium.remote.http.W3CHttpResponseCodec.createException(W3CHttpResponseCodec.java:187)
at org.openqa.selenium.remote.http.W3CHttpResponseCodec.decode(W3CHttpResponseCodec.java:122)
at org.openqa.selenium.remote.http.W3CHttpResponseCodec.decode(W3CHttpResponseCodec.java:49)
at org.openqa.selenium.remote.HttpCommandExecutor.execute(HttpCommandExecutor.java:158)
at org.openqa.selenium.remote.service.DriverCommandExecutor.execute(DriverCommandExecutor.java:83)
at org.openqa.selenium.remote.RemoteWebDriver.execute(RemoteWebDriver.java:552)
at org.openqa.selenium.remote.RemoteWebDriver.findElement(RemoteWebDriver.java:323)
at org.openqa.selenium.remote.RemoteWebDriver.findElementByCssSelector(RemoteWebDriver.java:420)
at org.openqa.selenium.By$ByCssSelector.findElement(By.java:431)
at org.openqa.selenium.remote.RemoteWebDriver.findElement(RemoteWebDriver.java:315)
at org.openqa.selenium.support.pagefactory.DefaultElementLocator.findElement(DefaultElementLocator.java:69)
at org.openqa.selenium.support.pagefactory.internal.LocatingElementHandler.invoke(LocatingElementHandler.java:38)
at com.sun.proxy.$Proxy5.click(Unknown Source)
at com.page1.pageobjects.BasePage.click(BasePage.java:16)
at com.page1.pageobjects.MyFormsPage.openSearchAll(MyFormsPage.java:19)
at eply.com.tests.SearchTest.searh(SearchTest.java:29)
... Removed 39 stack frames]]>
    </failure>
  </testcase> <!-- searh -->
</testsuite> <!-- Command line test -->
